<?xml version="1.0" encoding="UTF-8"?>
<testsuites name="jest tests" tests="11" failures="0" errors="0" time="8.57">
  <testsuite name="Holdings API" errors="0" failures="0" skipped="0" timestamp="2025-04-04T08:31:31" time="2.261" tests="3">
    <testcase classname="Holdings API POST /buyStock should create a new order and holding when buying stock" name="Holdings API POST /buyStock should create a new order and holding when buying stock" time="0.355">
    </testcase>
    <testcase classname="Holdings API GET /allHoldings/:userId should return all holdings for a user" name="Holdings API GET /allHoldings/:userId should return all holdings for a user" time="0.046">
    </testcase>
    <testcase classname="Holdings API POST /sellStock should process a stock sale correctly" name="Holdings API POST /sellStock should process a stock sale correctly" time="0.315">
    </testcase>
  </testsuite>
  <testsuite name="Authentication API" errors="0" failures="0" skipped="0" timestamp="2025-04-04T08:31:33" time="2.796" tests="4">
    <testcase classname="Authentication API POST /signup should create a new user" name="Authentication API POST /signup should create a new user" time="0.598">
    </testcase>
    <testcase classname="Authentication API POST /signup should return error for duplicate email" name="Authentication API POST /signup should return error for duplicate email" time="0.401">
    </testcase>
    <testcase classname="Authentication API POST /signin should sign in an existing user with status 201" name="Authentication API POST /signin should sign in an existing user with status 201" time="0.756">
    </testcase>
    <testcase classname="Authentication API POST /signin should reject invalid credentials" name="Authentication API POST /signin should reject invalid credentials" time="0.383">
    </testcase>
  </testsuite>
  <testsuite name="Orders and Margin API" errors="0" failures="0" skipped="0" timestamp="2025-04-04T08:31:36" time="1.254" tests="3">
    <testcase classname="Orders and Margin API GET /allOrders/:userId should return status 200 with user orders" name="Orders and Margin API GET /allOrders/:userId should return status 200 with user orders" time="0.077">
    </testcase>
    <testcase classname="Orders and Margin API GET /allOrders/:userId should return empty array for user with no orders" name="Orders and Margin API GET /allOrders/:userId should return empty array for user with no orders" time="0.04">
    </testcase>
    <testcase classname="Orders and Margin API POST /marginUpdate should update user wallet balance with status 200" name="Orders and Margin API POST /marginUpdate should update user wallet balance with status 200" time="0.074">
    </testcase>
  </testsuite>
  <testsuite name="Stock API" errors="0" failures="0" skipped="0" timestamp="2025-04-04T08:31:37" time="0.831" tests="1">
    <testcase classname="Stock API GET /api/StockData should return stock data with correct structure" name="Stock API GET /api/StockData should return stock data with correct structure" time="0.025">
    </testcase>
  </testsuite>
</testsuites>